Arguments: 
  /opt/homebrew/Cellar/node/18.4.0/bin/node /opt/homebrew/Cellar/yarn/1.22.19/libexec/bin/yarn.js install

PATH: 
  /opt/homebrew/bin:/opt/homebrew/sbin:/usr/local/bin:/usr/bin:/bin:/usr/sbin:/sbin:/Library/Apple/usr/bin:/opt/anaconda3/condabin:/opt/homebrew/bin:/opt/homebrew/sbin

Yarn version: 
  1.22.19

Node version: 
  18.4.0

Platform: 
  darwin arm64

Trace: 
  SyntaxError: /Users/makibrahim/Documents/GitHub/ShipHandlingCalculator/package.json: Unexpected token } in JSON at position 1107
      at JSON.parse (<anonymous>)
      at /opt/homebrew/Cellar/yarn/1.22.19/libexec/lib/cli.js:1629:59
      at Generator.next (<anonymous>)
      at step (/opt/homebrew/Cellar/yarn/1.22.19/libexec/lib/cli.js:310:30)
      at /opt/homebrew/Cellar/yarn/1.22.19/libexec/lib/cli.js:321:13

npm manifest: 
  {
    "name": "shiphandlingcalculator",
    "version": "1.0.0",
    "main": "node_modules/expo/AppEntry.js",
    "scripts": {
      "start": "expo start",
      "android": "expo start --android",
      "ios": "expo start --ios",
      "web": "expo start --web",
      "eject": "expo eject"
    },
    "dependencies": {
      "@react-native-async-storage/async-storage": "^1.17.6",
      "@react-navigation/native": "^6.0.10",
      "@react-navigation/native-stack": "^6.6.2",
      "@react-navigation/stack": "^6.2.1",
      "@redux-offline/redux-offline": "^2.6.0-expo.0",
      "expo": "~45.0.0",
      "expo-cli": "^5.4.11",
      "expo-status-bar": "~1.3.0",
      "expo-updates": "~0.13.2",
      "geolib": "^3.3.3",
      "global": "^4.4.0",
      "react": "17.0.2",
      "react-dom": "17.0.2",
      "react-hook-form": "^7.31.2",
      "react-native": "0.68.2",
      "react-native-elements": "^3.4.2",
      "react-native-form-component": "^2.4.0",
      "react-native-gesture-handler": "~2.2.1",
      "react-native-modal": "^13.0.1",
      "react-native-safe-area-context": "4.2.4",
      "react-native-screens": "~3.11.1",
      "react-native-web": "0.17.7",
    },
    "devDependencies": {
      "@babel/core": "^7.12.9",
      "@types/react": "~17.0.21"
    },
    "private": true
  }

yarn manifest: 
  No manifest

Lockfile: 
  No lockfile
